<?xml version="1.0" encoding="UTF-8"?>
<!-- Generated by org.testng.reporters.JUnitReportReporter -->
<testsuite hostname="user" failures="0" tests="3" name="testpkg.Saucedemologintest" time="20.034" errors="0" timestamp="2024-05-09T14:56:31 IST" skipped="0">
  <testcase classname="testpkg.Saucedemologintest" name="logintest" time="7.657"/>
  <system-out/>
  <testcase classname="testpkg.Saucedemologintest" name="addtocart" time="0.788"/>
  <system-out/>
  <testcase classname="testpkg.Saucedemologintest" name="othermethods" time="11.589"/>
  <system-out/>
</testsuite> <!-- testpkg.Saucedemologintest -->
